Running: D:\ProgramData\Xilinx\ISE_DS\ISE\bin\nt\unwrapped\fuse.exe -intstyle ise -incremental -lib unisims_ver -lib unimacro_ver -lib xilinxcorelib_ver -o D:/DERS/ceng232/hw/hw4_part1/lab4_1/FUNCMEMORY_isim_beh.exe -prj D:/DERS/ceng232/hw/hw4_part1/lab4_1/FUNCMEMORY_beh.prj work.FUNCMEMORY work.glbl 
ISim M.81d (signature 0xcb73ee62)
Number of CPUs detected in this system: 8
Turning on mult-threading, number of parallel sub-compilation jobs: 16 
Determining compilation order of HDL files
Analyzing Verilog file \"D:/DERS/ceng232/hw/hw4_part1/lab4_1/lab4_1.v\" into library work
Analyzing Verilog file \"D:/ProgramData/Xilinx/ISE_DS/ISE//verilog/src/glbl.v\" into library work
Starting static elaboration
Completed static elaboration
Fuse Memory Usage: 186792 KB
Fuse CPU Usage: 77 ms
Compiling module FUNCROM
Compiling module FUNCRAM
Compiling module FUNCMEMORY
Compiling module glbl
Time Resolution for simulation is 1ps.
Waiting for 1 sub-compilation(s) to finish...
Compiled 4 Verilog Units
Built simulation executable D:/DERS/ceng232/hw/hw4_part1/lab4_1/FUNCMEMORY_isim_beh.exe
Fuse Memory Usage: 192264 KB
Fuse CPU Usage: 108 ms
